[debug] [2021-07-16T06:32:53.214Z] ----------------------------------------------------------------------
[debug] [2021-07-16T06:32:53.219Z] Command:       C:\Program Files\nodejs\node.exe C:\Users\jugal\AppData\Roaming\npm\node_modules\firebase-tools\lib\bin\firebase.js init
[debug] [2021-07-16T06:32:53.220Z] CLI Version:   9.14.0
[debug] [2021-07-16T06:32:53.220Z] Platform:      win32
[debug] [2021-07-16T06:32:53.220Z] Node Version:  v15.11.0
[debug] [2021-07-16T06:32:53.222Z] Time:          Fri Jul 16 2021 12:02:53 GMT+0530 (India Standard Time)
[debug] [2021-07-16T06:32:53.223Z] ----------------------------------------------------------------------
[debug] 
[debug] [2021-07-16T06:32:53.241Z] > command requires scopes: ["email","openid","https://www.googleapis.com/auth/cloudplatformprojects.readonly","https://www.googleapis.com/auth/firebase","https://www.googleapis.com/auth/cloud-platform"]
[debug] [2021-07-16T06:32:53.242Z] > authorizing via signed-in user (jugal.theappideas@gmail.com)
[info] 
     ######## #### ########  ######## ########     ###     ######  ########
     ##        ##  ##     ## ##       ##     ##  ##   ##  ##       ##
     ######    ##  ########  ######   ########  #########  ######  ######
     ##        ##  ##    ##  ##       ##     ## ##     ##       ## ##
     ##       #### ##     ## ######## ########  ##     ##  ######  ########

You're about to initialize a Firebase project in this directory:

  D:\Work\APP IDEAS\Practice\youtube-clone

[info] 
=== Project Setup
[info] 
[info] First, let's associate this project directory with a Firebase project.
[info] You can create multiple project aliases by running firebase use --add, 
[info] but for now we'll just set up a default project.
[info] 
[debug] [2021-07-16T06:35:07.929Z] >>> [apiv2][query] GET https://firebase.googleapis.com/v1beta1/projects pageSize=100
[debug] [2021-07-16T06:35:08.807Z] <<< [apiv2][status] GET https://firebase.googleapis.com/v1beta1/projects 200
[debug] [2021-07-16T06:35:08.807Z] <<< [apiv2][body] GET https://firebase.googleapis.com/v1beta1/projects [omitted]
[info] i  Using project clone-by-jugal (Youtube-clone by jugal) 
[info] 
=== Hosting:github Setup
[info] 
[info] i  Detected a .git folder at D:\Work\APP IDEAS\Practice\youtube-clone 
[info] i  Authorizing with GitHub to upload your service account to a GitHub repository's secrets store. 
[info] 
[info] Visit this URL on this device to log in:
[info] https://github.com/login/oauth/authorize?client_id=89cf50f02ac6aaed3484&state=826403382&redirect_uri=http%3A%2F%2Flocalhost%3A9005&scope=read%3Auser%20repo%20public_repo
[info] 
[info] Waiting for authentication...
